  
  C:\Users\user\Documents\Visual Studio 2015\Projects\cuda_QI_v2\cuda_QI_v2>"C:\Program Files\NVIDIA GPU Computing Toolkit\CUDA\v9.0\bin\nvcc.exe" -ccbin "C:\Program Files (x86)\Microsoft Visual Studio 14.0\VC\bin\x86_amd64" -x cu  -I"C:\Program Files\NVIDIA GPU Computing Toolkit\CUDA\v9.0\include" -I"C:\Program Files\NVIDIA GPU Computing Toolkit\CUDA\v9.0\include"     --keep-dir x64\Release -maxrregcount=0  --machine 64 --compile      -DNDEBUG -D_WINDOWS -D_USRDLL -DCUDA_QI_V2_EXPORTS -D_WINDLL -D_UNICODE -DUNICODE -Xcompiler "/EHsc /W3 /nologo /O2 /FS /Zi  /MD " -o x64\Release\kernel.cu.obj "C:\Users\user\Documents\Visual Studio 2015\Projects\cuda_QI_v2\cuda_QI_v2\kernel.cu" -clean 
  kernel.cu
  Compiling CUDA source file kernel.cu...
  
  C:\Users\user\Documents\Visual Studio 2015\Projects\cuda_QI_v2\cuda_QI_v2>"C:\Program Files\NVIDIA GPU Computing Toolkit\CUDA\v9.0\bin\nvcc.exe" -gencode=arch=compute_30,code=\"sm_30,compute_30\" --use-local-env --cl-version 2015 -ccbin "C:\Program Files (x86)\Microsoft Visual Studio 14.0\VC\bin\x86_amd64" -x cu  -I"C:\Program Files\NVIDIA GPU Computing Toolkit\CUDA\v9.0\include" -I"C:\Program Files\NVIDIA GPU Computing Toolkit\CUDA\v9.0\include"     --keep-dir x64\Release -maxrregcount=0  --machine 64 --compile -cudart static     -DNDEBUG -D_WINDOWS -D_USRDLL -DCUDA_QI_V2_EXPORTS -D_WINDLL -D_UNICODE -DUNICODE -Xcompiler "/EHsc /W3 /nologo /O2 /FS /Zi  /MD " -o x64\Release\kernel.cu.obj "C:\Users\user\Documents\Visual Studio 2015\Projects\cuda_QI_v2\cuda_QI_v2\kernel.cu" 
c:\program files\nvidia gpu computing toolkit\cuda\v9.0\include\crt\math_functions.h : warning C4819: 该文件包含不能在当前代码页(936)中表示的字符。请将该文件保存为 Unicode 格式以防止数据丢失
c:\program files\nvidia gpu computing toolkit\cuda\v9.0\include\crt\math_functions.h(838): warning C4819: 该文件包含不能在当前代码页(936)中表示的字符。请将该文件保存为 Unicode 格式以防止数据丢失
c:\program files\nvidia gpu computing toolkit\cuda\v9.0\include\crt\math_functions.h(1772): warning C4819: 该文件包含不能在当前代码页(936)中表示的字符。请将该文件保存为 Unicode 格式以防止数据丢失
c:\program files\nvidia gpu computing toolkit\cuda\v9.0\include\crt\math_functions.h(2628): warning C4819: 该文件包含不能在当前代码页(936)中表示的字符。请将该文件保存为 Unicode 格式以防止数据丢失
c:\program files\nvidia gpu computing toolkit\cuda\v9.0\include\crt\math_functions.h(3477): warning C4819: 该文件包含不能在当前代码页(936)中表示的字符。请将该文件保存为 Unicode 格式以防止数据丢失
c:\program files\nvidia gpu computing toolkit\cuda\v9.0\include\crt\math_functions.h(4417): warning C4819: 该文件包含不能在当前代码页(936)中表示的字符。请将该文件保存为 Unicode 格式以防止数据丢失
c:\program files\nvidia gpu computing toolkit\cuda\v9.0\include\crt\math_functions.h(5319): warning C4819: 该文件包含不能在当前代码页(936)中表示的字符。请将该文件保存为 Unicode 格式以防止数据丢失
c:\program files\nvidia gpu computing toolkit\cuda\v9.0\include\crt\math_functions.h(6229): warning C4819: 该文件包含不能在当前代码页(936)中表示的字符。请将该文件保存为 Unicode 格式以防止数据丢失
c:\program files\nvidia gpu computing toolkit\cuda\v9.0\include\crt\math_functions.h(7104): warning C4819: 该文件包含不能在当前代码页(936)中表示的字符。请将该文件保存为 Unicode 格式以防止数据丢失
c:\program files\nvidia gpu computing toolkit\cuda\v9.0\include\crt\math_functions.h(7914): warning C4819: 该文件包含不能在当前代码页(936)中表示的字符。请将该文件保存为 Unicode 格式以防止数据丢失
c:\program files\nvidia gpu computing toolkit\cuda\v9.0\include\crt/device_functions.h : warning C4819: 该文件包含不能在当前代码页(936)中表示的字符。请将该文件保存为 Unicode 格式以防止数据丢失
c:\program files\nvidia gpu computing toolkit\cuda\v9.0\include\crt/device_functions.h(776): warning C4819: 该文件包含不能在当前代码页(936)中表示的字符。请将该文件保存为 Unicode 格式以防止数据丢失
c:\program files\nvidia gpu computing toolkit\cuda\v9.0\include\crt/device_functions.h(1636): warning C4819: 该文件包含不能在当前代码页(936)中表示的字符。请将该文件保存为 Unicode 格式以防止数据丢失
c:\program files\nvidia gpu computing toolkit\cuda\v9.0\include\crt\device_double_functions.h : warning C4819: 该文件包含不能在当前代码页(936)中表示的字符。请将该文件保存为 Unicode 格式以防止数据丢失
c:\program files\nvidia gpu computing toolkit\cuda\v9.0\include\sm_20_intrinsics.h : warning C4819: 该文件包含不能在当前代码页(936)中表示的字符。请将该文件保存为 Unicode 格式以防止数据丢失
c:\program files\nvidia gpu computing toolkit\cuda\v9.0\include\sm_20_intrinsics.h(925): warning C4819: 该文件包含不能在当前代码页(936)中表示的字符。请将该文件保存为 Unicode 格式以防止数据丢失
C:/Users/user/Documents/Visual Studio 2015/Projects/cuda_QI_v2/cuda_QI_v2/kernel.cu(316): warning : variable "temp" was set but never used
C:/Users/user/Documents/Visual Studio 2015/Projects/cuda_QI_v2/cuda_QI_v2/kernel.cu(351): warning : variable "s_LEN" was declared but never referenced
C:/Users/user/Documents/Visual Studio 2015/Projects/cuda_QI_v2/cuda_QI_v2/kernel.cu(352): warning : variable "temp" was set but never used
C:/Users/user/Documents/Visual Studio 2015/Projects/cuda_QI_v2/cuda_QI_v2/kernel.cu(422): warning : use of "=" where "==" may have been intended
C:/Users/user/Documents/Visual Studio 2015/Projects/cuda_QI_v2/cuda_QI_v2/kernel.cu(426): warning : use of "=" where "==" may have been intended
C:/Users/user/Documents/Visual Studio 2015/Projects/cuda_QI_v2/cuda_QI_v2/kernel.cu(539): warning : variable "s_r_offset" was declared but never referenced
C:/Users/user/Documents/Visual Studio 2015/Projects/cuda_QI_v2/cuda_QI_v2/kernel.cu(540): warning : variable "s_t_offset" was declared but never referenced
C:/Users/user/Documents/Visual Studio 2015/Projects/cuda_QI_v2/cuda_QI_v2/kernel.cu(397): warning : variable "f_bytes" was declared but never referenced
C:/Users/user/Documents/Visual Studio 2015/Projects/cuda_QI_v2/cuda_QI_v2/kernel.cu(402): warning : variable "s_LEN" was declared but never referenced
c:\program files\nvidia gpu computing toolkit\cuda\v9.0\include\crt\math_functions.h : warning C4819: 该文件包含不能在当前代码页(936)中表示的字符。请将该文件保存为 Unicode 格式以防止数据丢失
c:\program files\nvidia gpu computing toolkit\cuda\v9.0\include\crt\math_functions.h(838): warning C4819: 该文件包含不能在当前代码页(936)中表示的字符。请将该文件保存为 Unicode 格式以防止数据丢失
c:\program files\nvidia gpu computing toolkit\cuda\v9.0\include\crt\math_functions.h(1772): warning C4819: 该文件包含不能在当前代码页(936)中表示的字符。请将该文件保存为 Unicode 格式以防止数据丢失
c:\program files\nvidia gpu computing toolkit\cuda\v9.0\include\crt\math_functions.h(2628): warning C4819: 该文件包含不能在当前代码页(936)中表示的字符。请将该文件保存为 Unicode 格式以防止数据丢失
c:\program files\nvidia gpu computing toolkit\cuda\v9.0\include\crt\math_functions.h(3477): warning C4819: 该文件包含不能在当前代码页(936)中表示的字符。请将该文件保存为 Unicode 格式以防止数据丢失
c:\program files\nvidia gpu computing toolkit\cuda\v9.0\include\crt\math_functions.h(4417): warning C4819: 该文件包含不能在当前代码页(936)中表示的字符。请将该文件保存为 Unicode 格式以防止数据丢失
c:\program files\nvidia gpu computing toolkit\cuda\v9.0\include\crt\math_functions.h(5319): warning C4819: 该文件包含不能在当前代码页(936)中表示的字符。请将该文件保存为 Unicode 格式以防止数据丢失
c:\program files\nvidia gpu computing toolkit\cuda\v9.0\include\crt\math_functions.h(6229): warning C4819: 该文件包含不能在当前代码页(936)中表示的字符。请将该文件保存为 Unicode 格式以防止数据丢失
c:\program files\nvidia gpu computing toolkit\cuda\v9.0\include\crt\math_functions.h(7104): warning C4819: 该文件包含不能在当前代码页(936)中表示的字符。请将该文件保存为 Unicode 格式以防止数据丢失
c:\program files\nvidia gpu computing toolkit\cuda\v9.0\include\crt\math_functions.h(7914): warning C4819: 该文件包含不能在当前代码页(936)中表示的字符。请将该文件保存为 Unicode 格式以防止数据丢失
c:\program files\nvidia gpu computing toolkit\cuda\v9.0\include\crt/device_functions.h : warning C4819: 该文件包含不能在当前代码页(936)中表示的字符。请将该文件保存为 Unicode 格式以防止数据丢失
c:\program files\nvidia gpu computing toolkit\cuda\v9.0\include\crt/device_functions.h(776): warning C4819: 该文件包含不能在当前代码页(936)中表示的字符。请将该文件保存为 Unicode 格式以防止数据丢失
c:\program files\nvidia gpu computing toolkit\cuda\v9.0\include\crt/device_functions.h(1636): warning C4819: 该文件包含不能在当前代码页(936)中表示的字符。请将该文件保存为 Unicode 格式以防止数据丢失
c:\program files\nvidia gpu computing toolkit\cuda\v9.0\include\crt\device_double_functions.h : warning C4819: 该文件包含不能在当前代码页(936)中表示的字符。请将该文件保存为 Unicode 格式以防止数据丢失
c:\program files\nvidia gpu computing toolkit\cuda\v9.0\include\sm_20_intrinsics.h : warning C4819: 该文件包含不能在当前代码页(936)中表示的字符。请将该文件保存为 Unicode 格式以防止数据丢失
c:\program files\nvidia gpu computing toolkit\cuda\v9.0\include\sm_20_intrinsics.h(925): warning C4819: 该文件包含不能在当前代码页(936)中表示的字符。请将该文件保存为 Unicode 格式以防止数据丢失
C:/Users/user/Documents/Visual Studio 2015/Projects/cuda_QI_v2/cuda_QI_v2/kernel.cu(316): warning : variable "temp" was set but never used
C:/Users/user/Documents/Visual Studio 2015/Projects/cuda_QI_v2/cuda_QI_v2/kernel.cu(351): warning : variable "s_LEN" was declared but never referenced
C:/Users/user/Documents/Visual Studio 2015/Projects/cuda_QI_v2/cuda_QI_v2/kernel.cu(352): warning : variable "temp" was set but never used
C:/Users/user/Documents/Visual Studio 2015/Projects/cuda_QI_v2/cuda_QI_v2/kernel.cu(422): warning : use of "=" where "==" may have been intended
C:/Users/user/Documents/Visual Studio 2015/Projects/cuda_QI_v2/cuda_QI_v2/kernel.cu(426): warning : use of "=" where "==" may have been intended
C:/Users/user/Documents/Visual Studio 2015/Projects/cuda_QI_v2/cuda_QI_v2/kernel.cu(539): warning : variable "s_r_offset" was declared but never referenced
C:/Users/user/Documents/Visual Studio 2015/Projects/cuda_QI_v2/cuda_QI_v2/kernel.cu(540): warning : variable "s_t_offset" was declared but never referenced
C:/Users/user/Documents/Visual Studio 2015/Projects/cuda_QI_v2/cuda_QI_v2/kernel.cu(397): warning : variable "f_bytes" was declared but never referenced
C:/Users/user/Documents/Visual Studio 2015/Projects/cuda_QI_v2/cuda_QI_v2/kernel.cu(402): warning : variable "s_LEN" was declared but never referenced
  kernel.cu
C:/Users/user/Documents/Visual Studio 2015/Projects/cuda_QI_v2/cuda_QI_v2/kernel.cu(224): warning C4244: “return”: 从“int”转换到“float”，可能丢失数据
C:/Users/user/Documents/Visual Studio 2015/Projects/cuda_QI_v2/cuda_QI_v2/kernel.cu(246): warning C4244: “=”: 从“int”转换到“float”，可能丢失数据
C:/Users/user/Documents/Visual Studio 2015/Projects/cuda_QI_v2/cuda_QI_v2/kernel.cu(412): warning C4305: “初始化”: 从“double”到“float”截断
C:/Users/user/Documents/Visual Studio 2015/Projects/cuda_QI_v2/cuda_QI_v2/kernel.cu(416): warning C4244: “初始化”: 从“float”转换到“int”，可能丢失数据
C:/Users/user/Documents/Visual Studio 2015/Projects/cuda_QI_v2/cuda_QI_v2/kernel.cu(440): warning C4244: “=”: 从“double”转换到“float”，可能丢失数据
C:/Users/user/Documents/Visual Studio 2015/Projects/cuda_QI_v2/cuda_QI_v2/kernel.cu(594): warning C4244: “=”: 从“float”转换到“int”，可能丢失数据
C:/Users/user/Documents/Visual Studio 2015/Projects/cuda_QI_v2/cuda_QI_v2/kernel.cu(595): warning C4244: “=”: 从“float”转换到“int”，可能丢失数据
C:/Users/user/Documents/Visual Studio 2015/Projects/cuda_QI_v2/cuda_QI_v2/kernel.cu(626): warning C4244: “=”: 从“double”转换到“float”，可能丢失数据
C:/Users/user/Documents/Visual Studio 2015/Projects/cuda_QI_v2/cuda_QI_v2/kernel.cu(627): warning C4244: “=”: 从“double”转换到“float”，可能丢失数据
c:\program files\nvidia gpu computing toolkit\cuda\v9.0\include\crt\math_functions.h : warning C4819: 该文件包含不能在当前代码页(936)中表示的字符。请将该文件保存为 Unicode 格式以防止数据丢失
c:\program files\nvidia gpu computing toolkit\cuda\v9.0\include\crt\math_functions.h(838): warning C4819: 该文件包含不能在当前代码页(936)中表示的字符。请将该文件保存为 Unicode 格式以防止数据丢失
c:\program files\nvidia gpu computing toolkit\cuda\v9.0\include\crt\math_functions.h(1772): warning C4819: 该文件包含不能在当前代码页(936)中表示的字符。请将该文件保存为 Unicode 格式以防止数据丢失
c:\program files\nvidia gpu computing toolkit\cuda\v9.0\include\crt\math_functions.h(2628): warning C4819: 该文件包含不能在当前代码页(936)中表示的字符。请将该文件保存为 Unicode 格式以防止数据丢失
c:\program files\nvidia gpu computing toolkit\cuda\v9.0\include\crt\math_functions.h(3477): warning C4819: 该文件包含不能在当前代码页(936)中表示的字符。请将该文件保存为 Unicode 格式以防止数据丢失
c:\program files\nvidia gpu computing toolkit\cuda\v9.0\include\crt\math_functions.h(4417): warning C4819: 该文件包含不能在当前代码页(936)中表示的字符。请将该文件保存为 Unicode 格式以防止数据丢失
c:\program files\nvidia gpu computing toolkit\cuda\v9.0\include\crt\math_functions.h(5319): warning C4819: 该文件包含不能在当前代码页(936)中表示的字符。请将该文件保存为 Unicode 格式以防止数据丢失
c:\program files\nvidia gpu computing toolkit\cuda\v9.0\include\crt\math_functions.h(6229): warning C4819: 该文件包含不能在当前代码页(936)中表示的字符。请将该文件保存为 Unicode 格式以防止数据丢失
c:\program files\nvidia gpu computing toolkit\cuda\v9.0\include\crt\math_functions.h(7104): warning C4819: 该文件包含不能在当前代码页(936)中表示的字符。请将该文件保存为 Unicode 格式以防止数据丢失
c:\program files\nvidia gpu computing toolkit\cuda\v9.0\include\crt\math_functions.h(7914): warning C4819: 该文件包含不能在当前代码页(936)中表示的字符。请将该文件保存为 Unicode 格式以防止数据丢失
  stdafx.cpp
  cuda_QI_v2.cpp
  dllmain.cpp
    正在创建库 C:\Users\user\Documents\Visual Studio 2015\Projects\cuda_QI_v2\x64\Release\cuda_QI_v2.lib 和对象 C:\Users\user\Documents\Visual Studio 2015\Projects\cuda_QI_v2\x64\Release\cuda_QI_v2.exp
  正在生成代码
  All 2 functions were compiled because no usable IPDB/IOBJ from previous compilation was found.
  已完成代码的生成
  cuda_QI_v2.vcxproj -> C:\Users\user\Documents\Visual Studio 2015\Projects\cuda_QI_v2\x64\Release\cuda_QI_v2.dll
  cuda_QI_v2.vcxproj -> C:\Users\user\Documents\Visual Studio 2015\Projects\cuda_QI_v2\x64\Release\cuda_QI_v2.pdb (Full PDB)
