c:\users\user\documents\visual studio 2015\projects\cuda_qi_v3\cuda_qi_v2\x64\release\cuda_qi_v2.pch
c:\users\user\documents\visual studio 2015\projects\cuda_qi_v3\cuda_qi_v2\x64\release\vc140.pdb
c:\users\user\documents\visual studio 2015\projects\cuda_qi_v3\cuda_qi_v2\x64\release\stdafx.obj
c:\users\user\documents\visual studio 2015\projects\cuda_qi_v3\cuda_qi_v2\x64\release\cuda_qi_v2.obj
c:\users\user\documents\visual studio 2015\projects\cuda_qi_v3\cuda_qi_v2\x64\release\cpu_func.obj
c:\users\user\documents\visual studio 2015\projects\cuda_qi_v3\cuda_qi_v2\x64\release\dllmain.obj
c:\users\user\documents\visual studio 2015\projects\cuda_qi_v3\x64\release\cuda_qi_v2.lib
c:\users\user\documents\visual studio 2015\projects\cuda_qi_v3\x64\release\cuda_qi_v2.exp
c:\users\user\documents\visual studio 2015\projects\cuda_qi_v3\x64\release\cuda_qi_v2.dll
c:\users\user\documents\visual studio 2015\projects\cuda_qi_v3\x64\release\cuda_qi_v2.ipdb
c:\users\user\documents\visual studio 2015\projects\cuda_qi_v3\x64\release\cuda_qi_v2.iobj
c:\users\user\documents\visual studio 2015\projects\cuda_qi_v3\x64\release\cuda_qi_v2.pdb
c:\users\user\documents\visual studio 2015\projects\cuda_qi_v3\cuda_qi_v2\x64\release\gpu_func.cu.cache
c:\users\user\documents\visual studio 2015\projects\cuda_qi_v3\cuda_qi_v2\x64\release\kernel.cu.cache
c:\users\user\documents\visual studio 2015\projects\cuda_qi_v3\cuda_qi_v2\x64\release\gpu_func.cu.obj
c:\users\user\documents\visual studio 2015\projects\cuda_qi_v3\cuda_qi_v2\x64\release\kernel.cu.obj
c:\users\user\documents\visual studio 2015\projects\cuda_qi_v3\cuda_qi_v2\x64\release\cuda_qi_v2.tlog\cl.command.1.tlog
c:\users\user\documents\visual studio 2015\projects\cuda_qi_v3\cuda_qi_v2\x64\release\cuda_qi_v2.tlog\cl.read.1.tlog
c:\users\user\documents\visual studio 2015\projects\cuda_qi_v3\cuda_qi_v2\x64\release\cuda_qi_v2.tlog\cl.write.1.tlog
c:\users\user\documents\visual studio 2015\projects\cuda_qi_v3\cuda_qi_v2\x64\release\cuda_qi_v2.tlog\cuda_qi_v2.write.1u.tlog
c:\users\user\documents\visual studio 2015\projects\cuda_qi_v3\cuda_qi_v2\x64\release\cuda_qi_v2.tlog\link.command.1.tlog
c:\users\user\documents\visual studio 2015\projects\cuda_qi_v3\cuda_qi_v2\x64\release\cuda_qi_v2.tlog\link.read.1.tlog
c:\users\user\documents\visual studio 2015\projects\cuda_qi_v3\cuda_qi_v2\x64\release\cuda_qi_v2.tlog\link.write.1.tlog
